<?xml version="1.0" encoding="UTF-8"?>
<testsuite xmlns:xsi="http://www.w3.org/2001/XMLSchema-instance" xsi:noNamespaceSchemaLocation="https://maven.apache.org/surefire/maven-surefire-plugin/xsd/surefire-test-report-3.0.xsd" version="3.0" name="es.labturing.connect4.Connect4ApplicationTests" time="4.799" tests="1" errors="0" skipped="0" failures="0">
  <properties>
[...]
</properties>
  <testcase name="contextLoads" classname="es.labturing.connect4.Connect4ApplicationTests" time="0.58">
    <system-out><![CDATA[21:35:54.813 [main] INFO org.springframework.test.context.support.AnnotationConfigContextLoaderUtils -- Could not detect default configuration classes for test class [es.labturing.connect4.Connect4ApplicationTests]: Connect4ApplicationTests does not declare any static, non-private, non-final, nested classes annotated with @Configuration.
21:35:54.907 [main] INFO org.springframework.boot.test.context.SpringBootTestContextBootstrapper -- Found @SpringBootConfiguration es.labturing.connect4.Connect4Application for test class es.labturing.connect4.Connect4ApplicationTests

  .   ____          _            __ _ _
 /\\ / ___'_ __ _ _(_)_ __  __ _ \ \ \ \
( ( )\___ | '_ | '_| | '_ \/ _` | \ \ \ \
 \\/  ___)| |_)| | | | | || (_| |  ) ) ) )
  '  |____| .__|_| |_|_| |_\__, | / / / /
 =========|_|==============|___/=/_/_/_/
 :: Spring Boot ::                (v3.1.0)

2023-06-19T21:35:55.282+01:00  INFO 23904 --- [           main] e.l.connect4.Connect4ApplicationTests    : Starting Connect4ApplicationTests using Java 17.0.7 with PID 23904 (started by josel in c:\Users\josel\MASTER\Practicas\connect4server-repo\connect4server)
2023-06-19T21:35:55.284+01:00  INFO 23904 --- [           main] e.l.connect4.Connect4ApplicationTests    : No active profile set, falling back to 1 default profile: "default"
2023-06-19T21:35:55.838+01:00  INFO 23904 --- [           main] .s.d.r.c.RepositoryConfigurationDelegate : Bootstrapping Spring Data JPA repositories in DEFAULT mode.
2023-06-19T21:35:55.861+01:00  INFO 23904 --- [           main] .s.d.r.c.RepositoryConfigurationDelegate : Finished Spring Data repository scanning in 15 ms. Found 0 JPA repository interfaces.
2023-06-19T21:35:56.390+01:00  INFO 23904 --- [           main] o.hibernate.jpa.internal.util.LogHelper  : HHH000204: Processing PersistenceUnitInfo [name: default]
2023-06-19T21:35:56.476+01:00  INFO 23904 --- [           main] org.hibernate.Version                    : HHH000412: Hibernate ORM core version 6.2.2.Final
2023-06-19T21:35:56.481+01:00  INFO 23904 --- [           main] org.hibernate.cfg.Environment            : HHH000406: Using bytecode reflection optimizer
2023-06-19T21:35:56.737+01:00  INFO 23904 --- [           main] o.h.b.i.BytecodeProviderInitiator        : HHH000021: Bytecode provider name : bytebuddy
2023-06-19T21:35:56.906+01:00  INFO 23904 --- [           main] o.s.o.j.p.SpringPersistenceUnitInfo      : No LoadTimeWeaver setup: ignoring JPA class transformer
2023-06-19T21:35:56.925+01:00  INFO 23904 --- [           main] com.zaxxer.hikari.HikariDataSource       : HikariPool-1 - Starting...
2023-06-19T21:35:57.156+01:00  INFO 23904 --- [           main] com.zaxxer.hikari.pool.HikariPool        : HikariPool-1 - Added connection com.mysql.cj.jdbc.ConnectionImpl@43c39321
2023-06-19T21:35:57.159+01:00  INFO 23904 --- [           main] com.zaxxer.hikari.HikariDataSource       : HikariPool-1 - Start completed.
2023-06-19T21:35:57.208+01:00  WARN 23904 --- [           main] org.hibernate.dialect.Dialect            : HHH000511: The 5.5.0 version for [org.hibernate.dialect.MySQLDialect] is no longer supported, hence certain features may not work properly. The minimum supported version is 5.7.0. Check the community dialects project for available legacy versions.
2023-06-19T21:35:57.214+01:00  INFO 23904 --- [           main] org.hibernate.orm.dialect                : HHH035001: Using dialect: org.hibernate.dialect.MySQLDialect, version: 5.5
2023-06-19T21:35:57.313+01:00  INFO 23904 --- [           main] o.h.b.i.BytecodeProviderInitiator        : HHH000021: Bytecode provider name : bytebuddy
2023-06-19T21:35:57.558+01:00  INFO 23904 --- [           main] o.h.e.t.j.p.i.JtaPlatformInitiator       : HHH000490: Using JtaPlatform implementation: [org.hibernate.engine.transaction.jta.platform.internal.NoJtaPlatform]
2023-06-19T21:35:57.565+01:00  INFO 23904 --- [           main] j.LocalContainerEntityManagerFactoryBean : Initialized JPA EntityManagerFactory for persistence unit 'default'
2023-06-19T21:35:57.796+01:00  WARN 23904 --- [           main] JpaBaseConfiguration$JpaWebConfiguration : spring.jpa.open-in-view is enabled by default. Therefore, database queries may be performed during view rendering. Explicitly configure spring.jpa.open-in-view to disable this warning
2023-06-19T21:35:58.869+01:00  INFO 23904 --- [           main] e.l.connect4.Connect4ApplicationTests    : Started Connect4ApplicationTests in 3.824 seconds (process running for 4.638)
]]></system-out>
  </testcase>
</testsuite>